<?xml version="1.0" encoding="UTF-8"?>
<!-- Generated by org.testng.reporters.JUnitReportReporter -->
<testsuite skipped="0" hostname="MacBook-Pro-de-Alexandre.local" name="com.br.inmetrics.tests.android.TestFaturaGherkin" tests="8" failures="4" timestamp="24 abr 2019 18:24:47 GMT" time="2828.599" errors="0">
  <testcase name="CT0400_CopiarCodigoDeBarras" time="383.862" classname="com.br.inmetrics.tests.android.TestFaturaGherkin"/>
  <testcase name="CT0086_ConsultarFaturaClienteCredor" time="331.690" classname="com.br.inmetrics.tests.android.TestFaturaGherkin"/>
  <testcase name="CT0074_ValidarHabilitacaoCadastroDeFaturaDigital" time="57.102" classname="com.br.inmetrics.tests.android.TestFaturaGherkin">
    <failure type="java.lang.AssertionError" message="Test error.">
      <![CDATA[java.lang.AssertionError: Test error.
at org.testng.Assert.fail(Assert.java:85)
at com.br.inmetrics.tests.android.TestFaturaGherkin.CT0074_ValidarHabilitacaoCadastroDeFaturaDigital(TestFaturaGherkin.java:52)
at sun.reflect.NativeMethodAccessorImpl.invoke0(Native Method)
at sun.reflect.NativeMethodAccessorImpl.invoke(NativeMethodAccessorImpl.java:62)
at sun.reflect.DelegatingMethodAccessorImpl.invoke(DelegatingMethodAccessorImpl.java:43)
at java.lang.reflect.Method.invoke(Method.java:498)
at org.testng.internal.MethodInvocationHelper.invokeMethod(MethodInvocationHelper.java:124)
at org.testng.internal.Invoker.invokeMethod(Invoker.java:583)
at org.testng.internal.Invoker.invokeTestMethod(Invoker.java:719)
at org.testng.internal.Invoker.invokeTestMethods(Invoker.java:989)
at org.testng.internal.TestMethodWorker.invokeTestMethods(TestMethodWorker.java:125)
at org.testng.internal.TestMethodWorker.run(TestMethodWorker.java:109)
at org.testng.TestRunner.privateRun(TestRunner.java:648)
at org.testng.TestRunner.run(TestRunner.java:505)
at org.testng.SuiteRunner.runTest(SuiteRunner.java:455)
at org.testng.SuiteRunner.runSequentially(SuiteRunner.java:450)
at org.testng.SuiteRunner.privateRun(SuiteRunner.java:415)
at org.testng.SuiteRunner.run(SuiteRunner.java:364)
at org.testng.SuiteRunnerWorker.runSuite(SuiteRunnerWorker.java:52)
at org.testng.SuiteRunnerWorker.run(SuiteRunnerWorker.java:84)
at org.testng.TestNG.runSuitesSequentially(TestNG.java:1208)
at org.testng.TestNG.runSuitesLocally(TestNG.java:1137)
at org.testng.TestNG.runSuites(TestNG.java:1049)
at org.testng.TestNG.run(TestNG.java:1017)
at org.testng.remote.AbstractRemoteTestNG.run(AbstractRemoteTestNG.java:115)
at org.testng.remote.RemoteTestNG.initAndRun(RemoteTestNG.java:251)
at org.testng.remote.RemoteTestNG.main(RemoteTestNG.java:77)
Caused by: java.util.concurrent.ExecutionException: java.lang.reflect.InvocationTargetException
at com.br.inmetrics.frm.bdd.Gherkin.executeScenario_(Gherkin.java:304)
at com.br.inmetrics.tests.android.TestFaturaGherkin.CT0074_ValidarHabilitacaoCadastroDeFaturaDigital(TestFaturaGherkin.java:50)
... 25 more
Caused by: java.lang.reflect.InvocationTargetException
at sun.reflect.NativeMethodAccessorImpl.invoke0(Native Method)
at sun.reflect.NativeMethodAccessorImpl.invoke(NativeMethodAccessorImpl.java:62)
at sun.reflect.DelegatingMethodAccessorImpl.invoke(DelegatingMethodAccessorImpl.java:43)
at java.lang.reflect.Method.invoke(Method.java:498)
at com.br.inmetrics.frm.helpers.GherkinHelper.invokeScenario(GherkinHelper.java:209)
at com.br.inmetrics.frm.bdd.Gherkin.executeScenario_(Gherkin.java:293)
... 26 more
Caused by: java.util.concurrent.ExecutionException: java.lang.reflect.InvocationTargetException
at com.br.inmetrics.frm.bdd.Gherkin.execute_(Gherkin.java:180)
at com.br.inmetrics.features.android.FaturaFeature.habilitar_o_cadastro_de_fatura_digital(FaturaFeature.java:58)
... 32 more
Caused by: java.lang.reflect.InvocationTargetException
at sun.reflect.NativeMethodAccessorImpl.invoke0(Native Method)
at sun.reflect.NativeMethodAccessorImpl.invoke(NativeMethodAccessorImpl.java:62)
at sun.reflect.DelegatingMethodAccessorImpl.invoke(DelegatingMethodAccessorImpl.java:43)
at java.lang.reflect.Method.invoke(Method.java:498)
at com.br.inmetrics.frm.bdd.Gherkin.executeStep_(Gherkin.java:214)
at com.br.inmetrics.frm.bdd.Gherkin.execute_(Gherkin.java:174)
... 33 more
Caused by: java.lang.IllegalStateException: java.lang.IllegalStateException: org.openqa.selenium.WebDriverException: An unknown server-side error occurred while processing the command. Original error: Could not proxy command to remote server. Original error: Error: socket hang up
Build info: version: '3.14.0', revision: 'aacccce0', time: '2018-08-02T20:19:58.91Z'
System info: host: 'MacBook-Pro-de-Alexandre.local', ip: 'fe80:0:0:0:10b3:f850:910d:42ba%en0', os.name: 'Mac OS X', os.arch: 'x86_64', os.version: '10.14.4', java.version: '1.8.0_201'
Driver info: io.appium.java_client.android.AndroidDriver
Capabilities {appActivity: br.com.santander.ewallet.ui..., appPackage: br.com.santander.way, autoAcceptAlerts: true, automationName: UiAutomator2, browserName: , databaseEnabled: false, desired: {appActivity: br.com.santander.ewallet.ui..., appPackage: br.com.santander.way, autoAcceptAlerts: true, automationName: UiAutomator2, browserName: , deviceName: motorola albino, locationServicesAuthorized: true, platformName: android, platformVersion: 9.0, udid: 0054979287}, deviceApiLevel: 28, deviceManufacturer: motorola, deviceModel: motorola one, deviceName: 0054979287, deviceScreenDensity: 320, deviceScreenSize: 720x1520, deviceUDID: 0054979287, javascriptEnabled: true, locationContextEnabled: false, locationServicesAuthorized: true, networkConnectionEnabled: true, pixelRatio: 2, platform: LINUX, platformName: Android, platformVersion: 9, statBarHeight: 62, takesScreenshot: true, udid: 0054979287, viewportRect: {height: 1300, left: 0, top: 62, width: 720}, warnings: {}, webStorageEnabled: false}
Session ID: 42a7a1bc-68c3-4297-8b58-262aa91180ac
*** Element info: {Using=id, value=com.android.packageinstaller:id/permission_allow_button}
at com.br.inmetrics.frm.base.PageBase.waitUntilExists(PageBase.java:142)
at com.br.inmetrics.pages.android.LoginPage.clicarBotaoPermissao(LoginPage.java:86)
at com.br.inmetrics.steps.android.LoginSteps.dado_que_acesse_o_aplicativo_way(LoginSteps.java:20)
... 39 more
Caused by: java.lang.IllegalStateException: org.openqa.selenium.WebDriverException: An unknown server-side error occurred while processing the command. Original error: Could not proxy command to remote server. Original error: Error: socket hang up
Build info: version: '3.14.0', revision: 'aacccce0', time: '2018-08-02T20:19:58.91Z'
System info: host: 'MacBook-Pro-de-Alexandre.local', ip: 'fe80:0:0:0:10b3:f850:910d:42ba%en0', os.name: 'Mac OS X', os.arch: 'x86_64', os.version: '10.14.4', java.version: '1.8.0_201'
Driver info: io.appium.java_client.android.AndroidDriver
Capabilities {appActivity: br.com.santander.ewallet.ui..., appPackage: br.com.santander.way, autoAcceptAlerts: true, automationName: UiAutomator2, browserName: , databaseEnabled: false, desired: {appActivity: br.com.santander.ewallet.ui..., appPackage: br.com.santander.way, autoAcceptAlerts: true, automationName: UiAutomator2, browserName: , deviceName: motorola albino, locationServicesAuthorized: true, platformName: android, platformVersion: 9.0, udid: 0054979287}, deviceApiLevel: 28, deviceManufacturer: motorola, deviceModel: motorola one, deviceName: 0054979287, deviceScreenDensity: 320, deviceScreenSize: 720x1520, deviceUDID: 0054979287, javascriptEnabled: true, locationContextEnabled: false, locationServicesAuthorized: true, networkConnectionEnabled: true, pixelRatio: 2, platform: LINUX, platformName: Android, platformVersion: 9, statBarHeight: 62, takesScreenshot: true, udid: 0054979287, viewportRect: {height: 1300, left: 0, top: 62, width: 720}, warnings: {}, webStorageEnabled: false}
Session ID: 42a7a1bc-68c3-4297-8b58-262aa91180ac
*** Element info: {Using=id, value=com.android.packageinstaller:id/permission_allow_button}
at com.br.inmetrics.frm.helpers.ElementExistsHelper.waitUntilExists(ElementExistsHelper.java:111)
at com.br.inmetrics.frm.base.PageBase.waitUntilExists(PageBase.java:139)
... 41 more
Caused by: org.openqa.selenium.WebDriverException: An unknown server-side error occurred while processing the command. Original error: Could not proxy command to remote server. Original error: Error: socket hang up
Build info: version: '3.14.0', revision: 'aacccce0', time: '2018-08-02T20:19:58.91Z'
System info: host: 'MacBook-Pro-de-Alexandre.local', ip: 'fe80:0:0:0:10b3:f850:910d:42ba%en0', os.name: 'Mac OS X', os.arch: 'x86_64', os.version: '10.14.4', java.version: '1.8.0_201'
Driver info: io.appium.java_client.android.AndroidDriver
Capabilities {appActivity: br.com.santander.ewallet.ui..., appPackage: br.com.santander.way, autoAcceptAlerts: true, automationName: UiAutomator2, browserName: , databaseEnabled: false, desired: {appActivity: br.com.santander.ewallet.ui..., appPackage: br.com.santander.way, autoAcceptAlerts: true, automationName: UiAutomator2, browserName: , deviceName: motorola albino, locationServicesAuthorized: true, platformName: android, platformVersion: 9.0, udid: 0054979287}, deviceApiLevel: 28, deviceManufacturer: motorola, deviceModel: motorola one, deviceName: 0054979287, deviceScreenDensity: 320, deviceScreenSize: 720x1520, deviceUDID: 0054979287, javascriptEnabled: true, locationContextEnabled: false, locationServicesAuthorized: true, networkConnectionEnabled: true, pixelRatio: 2, platform: LINUX, platformName: Android, platformVersion: 9, statBarHeight: 62, takesScreenshot: true, udid: 0054979287, viewportRect: {height: 1300, left: 0, top: 62, width: 720}, warnings: {}, webStorageEnabled: false}
Session ID: 42a7a1bc-68c3-4297-8b58-262aa91180ac
*** Element info: {Using=id, value=com.android.packageinstaller:id/permission_allow_button}
at sun.reflect.NativeConstructorAccessorImpl.newInstance0(Native Method)
at sun.reflect.NativeConstructorAccessorImpl.newInstance(NativeConstructorAccessorImpl.java:62)
at sun.reflect.DelegatingConstructorAccessorImpl.newInstance(DelegatingConstructorAccessorImpl.java:45)
at java.lang.reflect.Constructor.newInstance(Constructor.java:423)
at org.openqa.selenium.remote.http.W3CHttpResponseCodec.createException(W3CHttpResponseCodec.java:187)
at org.openqa.selenium.remote.http.W3CHttpResponseCodec.decode(W3CHttpResponseCodec.java:122)
at org.openqa.selenium.remote.http.W3CHttpResponseCodec.decode(W3CHttpResponseCodec.java:49)
at org.openqa.selenium.remote.HttpCommandExecutor.execute(HttpCommandExecutor.java:158)
at io.appium.java_client.remote.AppiumCommandExecutor.execute(AppiumCommandExecutor.java:231)
at org.openqa.selenium.remote.RemoteWebDriver.execute(RemoteWebDriver.java:548)
at io.appium.java_client.DefaultGenericMobileDriver.execute(DefaultGenericMobileDriver.java:42)
at io.appium.java_client.AppiumDriver.execute(AppiumDriver.java:1)
at io.appium.java_client.android.AndroidDriver.execute(AndroidDriver.java:1)
at org.openqa.selenium.remote.RemoteWebDriver.findElements(RemoteWebDriver.java:349)
at io.appium.java_client.DefaultGenericMobileDriver.findElements(DefaultGenericMobileDriver.java:54)
at io.appium.java_client.AppiumDriver.findElements(AppiumDriver.java:152)
at org.openqa.selenium.remote.RemoteWebDriver.findElementsById(RemoteWebDriver.java:372)
at io.appium.java_client.DefaultGenericMobileDriver.findElementsById(DefaultGenericMobileDriver.java:66)
at io.appium.java_client.AppiumDriver.findElementsById(AppiumDriver.java:156)
at org.openqa.selenium.By$ById.findElements(By.java:180)
at org.openqa.selenium.support.pagefactory.ByChained.findElements(ByChained.java:69)
at org.openqa.selenium.remote.RemoteWebDriver.findElements(RemoteWebDriver.java:310)
at io.appium.java_client.DefaultGenericMobileDriver.findElements(DefaultGenericMobileDriver.java:50)
at io.appium.java_client.AppiumDriver.findElements(AppiumDriver.java:148)
at org.openqa.selenium.support.ui.ExpectedConditions.findElement(ExpectedConditions.java:895)
at org.openqa.selenium.support.ui.ExpectedConditions.access$000(ExpectedConditions.java:44)
at org.openqa.selenium.support.ui.ExpectedConditions$6.apply(ExpectedConditions.java:183)
at org.openqa.selenium.support.ui.ExpectedConditions$6.apply(ExpectedConditions.java:180)
at org.openqa.selenium.support.ui.FluentWait.until(FluentWait.java:260)
at com.br.inmetrics.frm.helpers.ElementExistsHelper.waitUntilExists(ElementExistsHelper.java:104)
... 42 more
]]>
    </failure>
  </testcase> <!-- CT0074_ValidarHabilitacaoCadastroDeFaturaDigital -->
  <testcase name="CT0076_ValidarHabilitacaoFaturaPorDebitoAutomatico" time="380.687" classname="com.br.inmetrics.tests.android.TestFaturaGherkin"/>
  <testcase name="CT0087_ConsultarClienteSemFatura" time="380.967" classname="com.br.inmetrics.tests.android.TestFaturaGherkin">
    <failure type="java.lang.AssertionError" message="Test error.">
      <![CDATA[java.lang.AssertionError: Test error.
at org.testng.Assert.fail(Assert.java:85)
at com.br.inmetrics.tests.android.TestFaturaGherkin.CT0087_ConsultarClienteSemFatura(TestFaturaGherkin.java:134)
at sun.reflect.NativeMethodAccessorImpl.invoke0(Native Method)
at sun.reflect.NativeMethodAccessorImpl.invoke(NativeMethodAccessorImpl.java:62)
at sun.reflect.DelegatingMethodAccessorImpl.invoke(DelegatingMethodAccessorImpl.java:43)
at java.lang.reflect.Method.invoke(Method.java:498)
at org.testng.internal.MethodInvocationHelper.invokeMethod(MethodInvocationHelper.java:124)
at org.testng.internal.Invoker.invokeMethod(Invoker.java:583)
at org.testng.internal.Invoker.invokeTestMethod(Invoker.java:719)
at org.testng.internal.Invoker.invokeTestMethods(Invoker.java:989)
at org.testng.internal.TestMethodWorker.invokeTestMethods(TestMethodWorker.java:125)
at org.testng.internal.TestMethodWorker.run(TestMethodWorker.java:109)
at org.testng.TestRunner.privateRun(TestRunner.java:648)
at org.testng.TestRunner.run(TestRunner.java:505)
at org.testng.SuiteRunner.runTest(SuiteRunner.java:455)
at org.testng.SuiteRunner.runSequentially(SuiteRunner.java:450)
at org.testng.SuiteRunner.privateRun(SuiteRunner.java:415)
at org.testng.SuiteRunner.run(SuiteRunner.java:364)
at org.testng.SuiteRunnerWorker.runSuite(SuiteRunnerWorker.java:52)
at org.testng.SuiteRunnerWorker.run(SuiteRunnerWorker.java:84)
at org.testng.TestNG.runSuitesSequentially(TestNG.java:1208)
at org.testng.TestNG.runSuitesLocally(TestNG.java:1137)
at org.testng.TestNG.runSuites(TestNG.java:1049)
at org.testng.TestNG.run(TestNG.java:1017)
at org.testng.remote.AbstractRemoteTestNG.run(AbstractRemoteTestNG.java:115)
at org.testng.remote.RemoteTestNG.initAndRun(RemoteTestNG.java:251)
at org.testng.remote.RemoteTestNG.main(RemoteTestNG.java:77)
Caused by: java.util.concurrent.ExecutionException: java.lang.reflect.InvocationTargetException
at com.br.inmetrics.frm.bdd.Gherkin.executeScenario_(Gherkin.java:304)
at com.br.inmetrics.tests.android.TestFaturaGherkin.CT0087_ConsultarClienteSemFatura(TestFaturaGherkin.java:132)
... 25 more
Caused by: java.lang.reflect.InvocationTargetException
at sun.reflect.NativeMethodAccessorImpl.invoke0(Native Method)
at sun.reflect.NativeMethodAccessorImpl.invoke(NativeMethodAccessorImpl.java:62)
at sun.reflect.DelegatingMethodAccessorImpl.invoke(DelegatingMethodAccessorImpl.java:43)
at java.lang.reflect.Method.invoke(Method.java:498)
at com.br.inmetrics.frm.helpers.GherkinHelper.invokeScenario(GherkinHelper.java:209)
at com.br.inmetrics.frm.bdd.Gherkin.executeScenario_(Gherkin.java:293)
... 26 more
Caused by: java.util.concurrent.ExecutionException: java.lang.reflect.InvocationTargetException
at com.br.inmetrics.frm.bdd.Gherkin.execute_(Gherkin.java:180)
at com.br.inmetrics.features.android.FaturaFeature.consultar_sem_fatura(FaturaFeature.java:128)
... 32 more
Caused by: java.lang.reflect.InvocationTargetException
at sun.reflect.NativeMethodAccessorImpl.invoke0(Native Method)
at sun.reflect.NativeMethodAccessorImpl.invoke(NativeMethodAccessorImpl.java:62)
at sun.reflect.DelegatingMethodAccessorImpl.invoke(DelegatingMethodAccessorImpl.java:43)
at java.lang.reflect.Method.invoke(Method.java:498)
at com.br.inmetrics.frm.bdd.Gherkin.executeStep_(Gherkin.java:214)
at com.br.inmetrics.frm.bdd.Gherkin.execute_(Gherkin.java:174)
... 33 more
Caused by: com.br.inmetrics.frm.exceptions.ElementFindException: An exception occured during element finding.
at com.br.inmetrics.frm.base.VirtualElement.get(VirtualElement.java:98)
at com.br.inmetrics.frm.base.VirtualElement.getText(VirtualElement.java:151)
at com.br.inmetrics.pages.android.FaturaPage.validarClienteSemFatura(FaturaPage.java:189)
at com.br.inmetrics.steps.android.FaturaSteps.validar_cliente_sem_fatura(FaturaSteps.java:86)
... 39 more
Caused by: org.openqa.selenium.NoSuchElementException: Cannot locate an element using By.chained({By.id: tvTotalInvValue})
For documentation on this error, please visit: http://seleniumhq.org/exceptions/no_such_element.html
Build info: version: '3.14.0', revision: 'aacccce0', time: '2018-08-02T20:19:58.91Z'
System info: host: 'MacBook-Pro-de-Alexandre.local', ip: 'fe80:0:0:0:10b3:f850:910d:42ba%en0', os.name: 'Mac OS X', os.arch: 'x86_64', os.version: '10.14.4', java.version: '1.8.0_201'
Driver info: driver.version: AndroidDriver
at org.openqa.selenium.support.pagefactory.ByChained.findElement(ByChained.java:54)
at org.openqa.selenium.remote.RemoteWebDriver.findElement(RemoteWebDriver.java:314)
at io.appium.java_client.DefaultGenericMobileDriver.findElement(DefaultGenericMobileDriver.java:58)
at io.appium.java_client.AppiumDriver.findElement(AppiumDriver.java:1)
at io.appium.java_client.android.AndroidDriver.findElement(AndroidDriver.java:1)
at com.br.inmetrics.frm.base.VirtualElement$1.<init>(VirtualElement.java:477)
at com.br.inmetrics.frm.base.VirtualElement.get(VirtualElement.java:475)
at com.br.inmetrics.frm.base.VirtualElement.findElement(VirtualElement.java:397)
at com.br.inmetrics.frm.base.VirtualElement.get(VirtualElement.java:94)
... 42 more
]]>
    </failure>
  </testcase> <!-- CT0087_ConsultarClienteSemFatura -->
  <testcase name="CT0089_Solicitacao2ViaDeFatura" time="356.397" classname="com.br.inmetrics.tests.android.TestFaturaGherkin"/>
  <testcase name="CT0075_ValidarDesabilitacaoCadastroDeFaturaDigital" time="501.573" classname="com.br.inmetrics.tests.android.TestFaturaGherkin">
    <failure type="java.lang.AssertionError" message="Test error.">
      <![CDATA[java.lang.AssertionError: Test error.
at org.testng.Assert.fail(Assert.java:85)
at com.br.inmetrics.tests.android.TestFaturaGherkin.CT0075_ValidarDesabilitacaoCadastroDeFaturaDigital(TestFaturaGherkin.java:64)
at sun.reflect.NativeMethodAccessorImpl.invoke0(Native Method)
at sun.reflect.NativeMethodAccessorImpl.invoke(NativeMethodAccessorImpl.java:62)
at sun.reflect.DelegatingMethodAccessorImpl.invoke(DelegatingMethodAccessorImpl.java:43)
at java.lang.reflect.Method.invoke(Method.java:498)
at org.testng.internal.MethodInvocationHelper.invokeMethod(MethodInvocationHelper.java:124)
at org.testng.internal.Invoker.invokeMethod(Invoker.java:583)
at org.testng.internal.Invoker.invokeTestMethod(Invoker.java:719)
at org.testng.internal.Invoker.invokeTestMethods(Invoker.java:989)
at org.testng.internal.TestMethodWorker.invokeTestMethods(TestMethodWorker.java:125)
at org.testng.internal.TestMethodWorker.run(TestMethodWorker.java:109)
at org.testng.TestRunner.privateRun(TestRunner.java:648)
at org.testng.TestRunner.run(TestRunner.java:505)
at org.testng.SuiteRunner.runTest(SuiteRunner.java:455)
at org.testng.SuiteRunner.runSequentially(SuiteRunner.java:450)
at org.testng.SuiteRunner.privateRun(SuiteRunner.java:415)
at org.testng.SuiteRunner.run(SuiteRunner.java:364)
at org.testng.SuiteRunnerWorker.runSuite(SuiteRunnerWorker.java:52)
at org.testng.SuiteRunnerWorker.run(SuiteRunnerWorker.java:84)
at org.testng.TestNG.runSuitesSequentially(TestNG.java:1208)
at org.testng.TestNG.runSuitesLocally(TestNG.java:1137)
at org.testng.TestNG.runSuites(TestNG.java:1049)
at org.testng.TestNG.run(TestNG.java:1017)
at org.testng.remote.AbstractRemoteTestNG.run(AbstractRemoteTestNG.java:115)
at org.testng.remote.RemoteTestNG.initAndRun(RemoteTestNG.java:251)
at org.testng.remote.RemoteTestNG.main(RemoteTestNG.java:77)
Caused by: java.util.concurrent.ExecutionException: java.lang.reflect.InvocationTargetException
at com.br.inmetrics.frm.bdd.Gherkin.executeScenario_(Gherkin.java:304)
at com.br.inmetrics.tests.android.TestFaturaGherkin.CT0075_ValidarDesabilitacaoCadastroDeFaturaDigital(TestFaturaGherkin.java:62)
... 25 more
Caused by: java.lang.reflect.InvocationTargetException
at sun.reflect.NativeMethodAccessorImpl.invoke0(Native Method)
at sun.reflect.NativeMethodAccessorImpl.invoke(NativeMethodAccessorImpl.java:62)
at sun.reflect.DelegatingMethodAccessorImpl.invoke(DelegatingMethodAccessorImpl.java:43)
at java.lang.reflect.Method.invoke(Method.java:498)
at com.br.inmetrics.frm.helpers.GherkinHelper.invokeScenario(GherkinHelper.java:209)
at com.br.inmetrics.frm.bdd.Gherkin.executeScenario_(Gherkin.java:293)
... 26 more
Caused by: java.util.concurrent.ExecutionException: java.lang.reflect.InvocationTargetException
at com.br.inmetrics.frm.bdd.Gherkin.execute_(Gherkin.java:180)
at com.br.inmetrics.features.android.FaturaFeature.desmarcar_o_cadastro_de_fatura_digital(FaturaFeature.java:70)
... 32 more
Caused by: java.lang.reflect.InvocationTargetException
at sun.reflect.NativeMethodAccessorImpl.invoke0(Native Method)
at sun.reflect.NativeMethodAccessorImpl.invoke(NativeMethodAccessorImpl.java:62)
at sun.reflect.DelegatingMethodAccessorImpl.invoke(DelegatingMethodAccessorImpl.java:43)
at java.lang.reflect.Method.invoke(Method.java:498)
at com.br.inmetrics.frm.bdd.Gherkin.executeStep_(Gherkin.java:214)
at com.br.inmetrics.frm.bdd.Gherkin.execute_(Gherkin.java:174)
... 33 more
Caused by: com.br.inmetrics.frm.exceptions.ElementFindException: An exception occured during element finding.
at com.br.inmetrics.frm.base.VirtualElement.get(VirtualElement.java:98)
at com.br.inmetrics.frm.base.VirtualElement.click(VirtualElement.java:139)
at com.br.inmetrics.pages.android.MenuPage.clicarBotaoExpandirMenu(MenuPage.java:249)
at com.br.inmetrics.steps.android.MenuSteps.acessar_a_opcao_faturas_no_menu_lateral(MenuSteps.java:69)
... 39 more
Caused by: org.openqa.selenium.NoSuchElementException: Cannot locate an element using By.chained({By.id: btnActionBarHome})
For documentation on this error, please visit: http://seleniumhq.org/exceptions/no_such_element.html
Build info: version: '3.14.0', revision: 'aacccce0', time: '2018-08-02T20:19:58.91Z'
System info: host: 'MacBook-Pro-de-Alexandre.local', ip: 'fe80:0:0:0:10b3:f850:910d:42ba%en0', os.name: 'Mac OS X', os.arch: 'x86_64', os.version: '10.14.4', java.version: '1.8.0_201'
Driver info: driver.version: AndroidDriver
at org.openqa.selenium.support.pagefactory.ByChained.findElement(ByChained.java:54)
at org.openqa.selenium.remote.RemoteWebDriver.findElement(RemoteWebDriver.java:314)
at io.appium.java_client.DefaultGenericMobileDriver.findElement(DefaultGenericMobileDriver.java:58)
at io.appium.java_client.AppiumDriver.findElement(AppiumDriver.java:1)
at io.appium.java_client.android.AndroidDriver.findElement(AndroidDriver.java:1)
at com.br.inmetrics.frm.base.VirtualElement$1.<init>(VirtualElement.java:477)
at com.br.inmetrics.frm.base.VirtualElement.get(VirtualElement.java:475)
at com.br.inmetrics.frm.base.VirtualElement.findElement(VirtualElement.java:397)
at com.br.inmetrics.frm.base.VirtualElement.get(VirtualElement.java:94)
... 42 more
]]>
    </failure>
  </testcase> <!-- CT0075_ValidarDesabilitacaoCadastroDeFaturaDigital -->
  <testcase name="CT0402_FaturaPorEmail" time="436.321" classname="com.br.inmetrics.tests.android.TestFaturaGherkin">
    <failure type="java.lang.AssertionError" message="Test error.">
      <![CDATA[java.lang.AssertionError: Test error.
at org.testng.Assert.fail(Assert.java:85)
at com.br.inmetrics.tests.android.TestFaturaGherkin.CT0402_FaturaPorEmail(TestFaturaGherkin.java:211)
at sun.reflect.NativeMethodAccessorImpl.invoke0(Native Method)
at sun.reflect.NativeMethodAccessorImpl.invoke(NativeMethodAccessorImpl.java:62)
at sun.reflect.DelegatingMethodAccessorImpl.invoke(DelegatingMethodAccessorImpl.java:43)
at java.lang.reflect.Method.invoke(Method.java:498)
at org.testng.internal.MethodInvocationHelper.invokeMethod(MethodInvocationHelper.java:124)
at org.testng.internal.Invoker.invokeMethod(Invoker.java:583)
at org.testng.internal.Invoker.invokeTestMethod(Invoker.java:719)
at org.testng.internal.Invoker.invokeTestMethods(Invoker.java:989)
at org.testng.internal.TestMethodWorker.invokeTestMethods(TestMethodWorker.java:125)
at org.testng.internal.TestMethodWorker.run(TestMethodWorker.java:109)
at org.testng.TestRunner.privateRun(TestRunner.java:648)
at org.testng.TestRunner.run(TestRunner.java:505)
at org.testng.SuiteRunner.runTest(SuiteRunner.java:455)
at org.testng.SuiteRunner.runSequentially(SuiteRunner.java:450)
at org.testng.SuiteRunner.privateRun(SuiteRunner.java:415)
at org.testng.SuiteRunner.run(SuiteRunner.java:364)
at org.testng.SuiteRunnerWorker.runSuite(SuiteRunnerWorker.java:52)
at org.testng.SuiteRunnerWorker.run(SuiteRunnerWorker.java:84)
at org.testng.TestNG.runSuitesSequentially(TestNG.java:1208)
at org.testng.TestNG.runSuitesLocally(TestNG.java:1137)
at org.testng.TestNG.runSuites(TestNG.java:1049)
at org.testng.TestNG.run(TestNG.java:1017)
at org.testng.remote.AbstractRemoteTestNG.run(AbstractRemoteTestNG.java:115)
at org.testng.remote.RemoteTestNG.initAndRun(RemoteTestNG.java:251)
at org.testng.remote.RemoteTestNG.main(RemoteTestNG.java:77)
Caused by: java.util.concurrent.ExecutionException: java.lang.reflect.InvocationTargetException
at com.br.inmetrics.frm.bdd.Gherkin.executeScenario_(Gherkin.java:304)
at com.br.inmetrics.tests.android.TestFaturaGherkin.CT0402_FaturaPorEmail(TestFaturaGherkin.java:209)
... 25 more
Caused by: java.lang.reflect.InvocationTargetException
at sun.reflect.NativeMethodAccessorImpl.invoke0(Native Method)
at sun.reflect.NativeMethodAccessorImpl.invoke(NativeMethodAccessorImpl.java:62)
at sun.reflect.DelegatingMethodAccessorImpl.invoke(DelegatingMethodAccessorImpl.java:43)
at java.lang.reflect.Method.invoke(Method.java:498)
at com.br.inmetrics.frm.helpers.GherkinHelper.invokeScenario(GherkinHelper.java:209)
at com.br.inmetrics.frm.bdd.Gherkin.executeScenario_(Gherkin.java:293)
... 26 more
Caused by: java.util.concurrent.ExecutionException: java.lang.reflect.InvocationTargetException
at com.br.inmetrics.frm.bdd.Gherkin.execute_(Gherkin.java:180)
at com.br.inmetrics.features.android.FaturaFeature.fatura_por_email(FaturaFeature.java:225)
... 32 more
Caused by: java.lang.reflect.InvocationTargetException
at sun.reflect.NativeMethodAccessorImpl.invoke0(Native Method)
at sun.reflect.NativeMethodAccessorImpl.invoke(NativeMethodAccessorImpl.java:62)
at sun.reflect.DelegatingMethodAccessorImpl.invoke(DelegatingMethodAccessorImpl.java:43)
at java.lang.reflect.Method.invoke(Method.java:498)
at com.br.inmetrics.frm.bdd.Gherkin.executeStep_(Gherkin.java:214)
at com.br.inmetrics.frm.bdd.Gherkin.execute_(Gherkin.java:174)
... 33 more
Caused by: com.br.inmetrics.frm.exceptions.ElementFindException: An exception occured during element finding.
at com.br.inmetrics.frm.base.VirtualElement.get(VirtualElement.java:98)
at com.br.inmetrics.frm.base.VirtualElement.getText(VirtualElement.java:151)
at com.br.inmetrics.pages.android.FaturaPage.validarEnviarFaturaPorEmail(FaturaPage.java:459)
at com.br.inmetrics.steps.android.FaturaSteps.entao_validar_fatura_por_email(FaturaSteps.java:170)
... 39 more
Caused by: org.openqa.selenium.NoSuchElementException: Cannot locate an element using By.chained({By.xpath: .//*[@text = 'Enviar por e-mail']})
For documentation on this error, please visit: http://seleniumhq.org/exceptions/no_such_element.html
Build info: version: '3.14.0', revision: 'aacccce0', time: '2018-08-02T20:19:58.91Z'
System info: host: 'MacBook-Pro-de-Alexandre.local', ip: 'fe80:0:0:0:10b3:f850:910d:42ba%en0', os.name: 'Mac OS X', os.arch: 'x86_64', os.version: '10.14.4', java.version: '1.8.0_201'
Driver info: driver.version: AndroidDriver
at org.openqa.selenium.support.pagefactory.ByChained.findElement(ByChained.java:54)
at org.openqa.selenium.remote.RemoteWebDriver.findElement(RemoteWebDriver.java:314)
at io.appium.java_client.DefaultGenericMobileDriver.findElement(DefaultGenericMobileDriver.java:58)
at io.appium.java_client.AppiumDriver.findElement(AppiumDriver.java:1)
at io.appium.java_client.android.AndroidDriver.findElement(AndroidDriver.java:1)
at com.br.inmetrics.frm.base.VirtualElement$1.<init>(VirtualElement.java:477)
at com.br.inmetrics.frm.base.VirtualElement.get(VirtualElement.java:475)
at com.br.inmetrics.frm.base.VirtualElement.findElement(VirtualElement.java:397)
at com.br.inmetrics.frm.base.VirtualElement.get(VirtualElement.java:94)
... 42 more
]]>
    </failure>
  </testcase> <!-- CT0402_FaturaPorEmail -->
</testsuite> <!-- com.br.inmetrics.tests.android.TestFaturaGherkin -->
